<?xml version="1.0" encoding="UTF-8"?>
<testsuites name="Sample API Test Collection" tests="12" time="0.000">
  <testsuite name="GET /items/{item_id} - Endpoint missing in source code / Positive Test - Get Item" id="88452ffc-225b-43e8-8e1e-658b86a9f081" timestamp="2025-11-14T07:25:18.155Z" tests="0" failures="0" errors="1" time="0.000">
    <system-err>
      <![CDATA[Iteration: 0
RequestError: TypeError [ERR_INVALID_IP_ADDRESS]: Invalid IP address: undefined
    at emitLookup (node:net:1469:17)
    at /home/pratik/Documents/LambdaTestTESTHATON/node_modules/postman-runtime/lib/requester/core.js:285:31
    at Socket.done (/home/pratik/Documents/LambdaTestTESTHATON/node_modules/postman-runtime/lib/requester/core.js:236:21)
    at Object.onceWrapper (node:events:639:26)
    at Socket.emit (node:events:524:28)
    at emitErrorNT (node:internal/streams/destroy:169:8)
    at emitErrorCloseNT (node:internal/streams/destroy:128:3)
    at process.processTicksAndRejections (node:internal/process/task_queues:82:21)

---
]]>
    </system-err>
  </testsuite>
  <testsuite name="GET /items/{item_id} - Endpoint missing in source code / Negative Test - Get Item Not Found" id="6c907d24-09c8-4117-aad8-06ba31cfb81e" timestamp="2025-11-14T07:25:18.155Z" tests="0" failures="0" errors="1" time="0.000">
    <system-err>
      <![CDATA[Iteration: 0
RequestError: TypeError [ERR_INVALID_IP_ADDRESS]: Invalid IP address: undefined
    at emitLookup (node:net:1469:17)
    at /home/pratik/Documents/LambdaTestTESTHATON/node_modules/postman-runtime/lib/requester/core.js:285:31
    at Socket.done (/home/pratik/Documents/LambdaTestTESTHATON/node_modules/postman-runtime/lib/requester/core.js:236:21)
    at Object.onceWrapper (node:events:639:26)
    at Socket.emit (node:events:524:28)
    at emitErrorNT (node:internal/streams/destroy:169:8)
    at emitErrorCloseNT (node:internal/streams/destroy:128:3)
    at process.processTicksAndRejections (node:internal/process/task_queues:82:21)

---
]]>
    </system-err>
  </testsuite>
  <testsuite name="GET /items/{item_id} - Endpoint missing in source code / Divergence Test - Missing Endpoint" id="36b79d04-dd05-43dd-839b-4d7e449695d4" timestamp="2025-11-14T07:25:18.155Z" tests="0" failures="0" errors="1" time="0.000">
    <system-err>
      <![CDATA[Iteration: 0
RequestError: TypeError [ERR_INVALID_IP_ADDRESS]: Invalid IP address: undefined
    at emitLookup (node:net:1469:17)
    at /home/pratik/Documents/LambdaTestTESTHATON/node_modules/postman-runtime/lib/requester/core.js:285:31
    at Socket.done (/home/pratik/Documents/LambdaTestTESTHATON/node_modules/postman-runtime/lib/requester/core.js:236:21)
    at Object.onceWrapper (node:events:639:26)
    at Socket.emit (node:events:524:28)
    at emitErrorNT (node:internal/streams/destroy:169:8)
    at emitErrorCloseNT (node:internal/streams/destroy:128:3)
    at process.processTicksAndRejections (node:internal/process/task_queues:82:21)

---
]]>
    </system-err>
  </testsuite>
  <testsuite name="POST /items - Schema validation needed / Positive Test - Create Item" id="32ed6b2d-cc96-4072-b922-f7b855fa00e0" timestamp="2025-11-14T07:25:18.155Z" tests="0" failures="0" errors="1" time="0.000">
    <system-err>
      <![CDATA[Iteration: 0
RequestError: TypeError [ERR_INVALID_IP_ADDRESS]: Invalid IP address: undefined
    at emitLookup (node:net:1469:17)
    at /home/pratik/Documents/LambdaTestTESTHATON/node_modules/postman-runtime/lib/requester/core.js:285:31
    at Socket.done (/home/pratik/Documents/LambdaTestTESTHATON/node_modules/postman-runtime/lib/requester/core.js:236:21)
    at Object.onceWrapper (node:events:639:26)
    at Socket.emit (node:events:524:28)
    at emitErrorNT (node:internal/streams/destroy:169:8)
    at emitErrorCloseNT (node:internal/streams/destroy:128:3)
    at process.processTicksAndRejections (node:internal/process/task_queues:82:21)

---
]]>
    </system-err>
  </testsuite>
  <testsuite name="POST /items - Schema validation needed / Negative Test - Create Item Missing Name" id="2fab4d89-a9e2-451b-b52a-79503d128237" timestamp="2025-11-14T07:25:18.155Z" tests="0" failures="0" errors="1" time="0.000">
    <system-err>
      <![CDATA[Iteration: 0
RequestError: TypeError [ERR_INVALID_IP_ADDRESS]: Invalid IP address: undefined
    at emitLookup (node:net:1469:17)
    at /home/pratik/Documents/LambdaTestTESTHATON/node_modules/postman-runtime/lib/requester/core.js:285:31
    at Socket.done (/home/pratik/Documents/LambdaTestTESTHATON/node_modules/postman-runtime/lib/requester/core.js:236:21)
    at Object.onceWrapper (node:events:639:26)
    at Socket.emit (node:events:524:28)
    at emitErrorNT (node:internal/streams/destroy:169:8)
    at emitErrorCloseNT (node:internal/streams/destroy:128:3)
    at process.processTicksAndRejections (node:internal/process/task_queues:82:21)

---
]]>
    </system-err>
  </testsuite>
  <testsuite name="POST /items - Schema validation needed / Divergence Test - Schema Validation Issue" id="50441f30-06bb-4bac-88a5-949c85083046" timestamp="2025-11-14T07:25:18.155Z" tests="0" failures="0" errors="1" time="0.000">
    <system-err>
      <![CDATA[Iteration: 0
RequestError: TypeError [ERR_INVALID_IP_ADDRESS]: Invalid IP address: undefined
    at emitLookup (node:net:1469:17)
    at /home/pratik/Documents/LambdaTestTESTHATON/node_modules/postman-runtime/lib/requester/core.js:285:31
    at Socket.done (/home/pratik/Documents/LambdaTestTESTHATON/node_modules/postman-runtime/lib/requester/core.js:236:21)
    at Object.onceWrapper (node:events:639:26)
    at Socket.emit (node:events:524:28)
    at emitErrorNT (node:internal/streams/destroy:169:8)
    at emitErrorCloseNT (node:internal/streams/destroy:128:3)
    at process.processTicksAndRejections (node:internal/process/task_queues:82:21)

---
]]>
    </system-err>
  </testsuite>
  <testsuite name="GET /items - Extra responses: ['201'] / Positive Test - List Items" id="29b5e7c2-38f8-4e95-9b01-abbe4a7e220f" timestamp="2025-11-14T07:25:18.155Z" tests="0" failures="0" errors="1" time="0.000">
    <system-err>
      <![CDATA[Iteration: 0
RequestError: TypeError [ERR_INVALID_IP_ADDRESS]: Invalid IP address: undefined
    at emitLookup (node:net:1469:17)
    at /home/pratik/Documents/LambdaTestTESTHATON/node_modules/postman-runtime/lib/requester/core.js:285:31
    at Socket.done (/home/pratik/Documents/LambdaTestTESTHATON/node_modules/postman-runtime/lib/requester/core.js:236:21)
    at Object.onceWrapper (node:events:639:26)
    at Socket.emit (node:events:524:28)
    at emitErrorNT (node:internal/streams/destroy:169:8)
    at emitErrorCloseNT (node:internal/streams/destroy:128:3)
    at process.processTicksAndRejections (node:internal/process/task_queues:82:21)

---
]]>
    </system-err>
  </testsuite>
  <testsuite name="GET /items - Extra responses: ['201'] / Negative Test - List Items Unauthorized" id="4f609c57-2037-4319-b87e-878a369a6412" timestamp="2025-11-14T07:25:18.155Z" tests="0" failures="0" errors="1" time="0.000">
    <system-err>
      <![CDATA[Iteration: 0
RequestError: TypeError [ERR_INVALID_IP_ADDRESS]: Invalid IP address: undefined
    at emitLookup (node:net:1469:17)
    at /home/pratik/Documents/LambdaTestTESTHATON/node_modules/postman-runtime/lib/requester/core.js:285:31
    at Socket.done (/home/pratik/Documents/LambdaTestTESTHATON/node_modules/postman-runtime/lib/requester/core.js:236:21)
    at Object.onceWrapper (node:events:639:26)
    at Socket.emit (node:events:524:28)
    at emitErrorNT (node:internal/streams/destroy:169:8)
    at emitErrorCloseNT (node:internal/streams/destroy:128:3)
    at process.processTicksAndRejections (node:internal/process/task_queues:82:21)

---
]]>
    </system-err>
  </testsuite>
  <testsuite name="GET /items - Extra responses: ['201'] / Divergence Test - Extra Response 201" id="8208ab8e-96da-4e65-8376-62b714ef3216" timestamp="2025-11-14T07:25:18.155Z" tests="0" failures="0" errors="1" time="0.000">
    <system-err>
      <![CDATA[Iteration: 0
RequestError: TypeError [ERR_INVALID_IP_ADDRESS]: Invalid IP address: undefined
    at emitLookup (node:net:1469:17)
    at /home/pratik/Documents/LambdaTestTESTHATON/node_modules/postman-runtime/lib/requester/core.js:285:31
    at Socket.done (/home/pratik/Documents/LambdaTestTESTHATON/node_modules/postman-runtime/lib/requester/core.js:236:21)
    at Object.onceWrapper (node:events:639:26)
    at Socket.emit (node:events:524:28)
    at emitErrorNT (node:internal/streams/destroy:169:8)
    at emitErrorCloseNT (node:internal/streams/destroy:128:3)
    at process.processTicksAndRejections (node:internal/process/task_queues:82:21)

---
]]>
    </system-err>
  </testsuite>
  <testsuite name="GET /items/&lt;int:item_id> - Extra route not in Swagger / Positive Test - Get Item by ID" id="ecdd8f1a-4f49-4155-860c-491f06dc518f" timestamp="2025-11-14T07:25:18.155Z" tests="0" failures="0" errors="1" time="0.000">
    <system-err>
      <![CDATA[Iteration: 0
RequestError: TypeError [ERR_INVALID_IP_ADDRESS]: Invalid IP address: undefined
    at emitLookup (node:net:1469:17)
    at /home/pratik/Documents/LambdaTestTESTHATON/node_modules/postman-runtime/lib/requester/core.js:285:31
    at Socket.done (/home/pratik/Documents/LambdaTestTESTHATON/node_modules/postman-runtime/lib/requester/core.js:236:21)
    at Object.onceWrapper (node:events:639:26)
    at Socket.emit (node:events:524:28)
    at emitErrorNT (node:internal/streams/destroy:169:8)
    at emitErrorCloseNT (node:internal/streams/destroy:128:3)
    at process.processTicksAndRejections (node:internal/process/task_queues:82:21)

---
]]>
    </system-err>
  </testsuite>
  <testsuite name="GET /items/&lt;int:item_id> - Extra route not in Swagger / Negative Test - Get Item Invalid ID" id="4720bb1c-f496-4d6e-a07d-a69b2aeaf905" timestamp="2025-11-14T07:25:18.155Z" tests="0" failures="0" errors="1" time="0.000">
    <system-err>
      <![CDATA[Iteration: 0
RequestError: TypeError [ERR_INVALID_IP_ADDRESS]: Invalid IP address: undefined
    at emitLookup (node:net:1469:17)
    at /home/pratik/Documents/LambdaTestTESTHATON/node_modules/postman-runtime/lib/requester/core.js:285:31
    at Socket.done (/home/pratik/Documents/LambdaTestTESTHATON/node_modules/postman-runtime/lib/requester/core.js:236:21)
    at Object.onceWrapper (node:events:639:26)
    at Socket.emit (node:events:524:28)
    at emitErrorNT (node:internal/streams/destroy:169:8)
    at emitErrorCloseNT (node:internal/streams/destroy:128:3)
    at process.processTicksAndRejections (node:internal/process/task_queues:82:21)

---
]]>
    </system-err>
  </testsuite>
  <testsuite name="GET /items/&lt;int:item_id> - Extra route not in Swagger / Divergence Test - Extra Route Verification" id="ba360269-fd13-4b09-99bc-5cc921337ad7" timestamp="2025-11-14T07:25:18.155Z" tests="0" failures="0" errors="1" time="0.000">
    <system-err>
      <![CDATA[Iteration: 0
RequestError: TypeError [ERR_INVALID_IP_ADDRESS]: Invalid IP address: undefined
    at emitLookup (node:net:1469:17)
    at /home/pratik/Documents/LambdaTestTESTHATON/node_modules/postman-runtime/lib/requester/core.js:285:31
    at Socket.done (/home/pratik/Documents/LambdaTestTESTHATON/node_modules/postman-runtime/lib/requester/core.js:236:21)
    at Object.onceWrapper (node:events:639:26)
    at Socket.emit (node:events:524:28)
    at emitErrorNT (node:internal/streams/destroy:169:8)
    at emitErrorCloseNT (node:internal/streams/destroy:128:3)
    at process.processTicksAndRejections (node:internal/process/task_queues:82:21)

---
]]>
    </system-err>
  </testsuite>
</testsuites>